[ 2018-08-03T18:43:54+08:00 ] ::1 /
INFO: [ app_init ] --START--
INFO: Run Behavior\BuildLiteBehavior [ RunTime:0.000015s ]
INFO: [ app_init ] --END-- [ RunTime:0.000396s ]
INFO: [ app_begin ] --START--
INFO: Run Behavior\ReadHtmlCacheBehavior [ RunTime:0.000737s ]
INFO: [ app_begin ] --END-- [ RunTime:0.000802s ]
INFO: [ view_parse ] --START--
INFO: [ template_filter ] --START--
INFO: Run Behavior\ContentReplaceBehavior [ RunTime:0.000192s ]
INFO: [ template_filter ] --END-- [ RunTime:0.000237s ]
INFO: Run Behavior\ParseTemplateBehavior [ RunTime:0.011442s ]
INFO: [ view_parse ] --END-- [ RunTime:0.011506s ]
INFO: [ view_filter ] --START--
INFO: Run Behavior\WriteHtmlCacheBehavior [ RunTime:0.000161s ]
INFO: [ view_filter ] --END-- [ RunTime:0.000182s ]
INFO: [ view_parse ] --START--
INFO: [ template_filter ] --START--
INFO: Run Behavior\ContentReplaceBehavior [ RunTime:0.000050s ]
INFO: [ template_filter ] --END-- [ RunTime:-0.002112s ]
INFO: Run Behavior\ParseTemplateBehavior [ RunTime:0.001530s ]
INFO: [ view_parse ] --END-- [ RunTime:-0.000479s ]
INFO: [ view_filter ] --START--
INFO: Run Behavior\WriteHtmlCacheBehavior [ RunTime:0.000012s ]
INFO: [ view_filter ] --END-- [ RunTime:-0.001881s ]
NOTIC: [2] Cannot modify header information - headers already sent by (output started at /Users/rubin/Desktop/乙租/yizufw/ThinkPHP/Library/Think/View.class.php:95) /Users/rubin/Desktop/乙租/yizufw/ThinkPHP/Library/Think/View.class.php 第 91 行.
NOTIC: [2] Cannot modify header information - headers already sent by (output started at /Users/rubin/Desktop/乙租/yizufw/ThinkPHP/Library/Think/View.class.php:95) /Users/rubin/Desktop/乙租/yizufw/ThinkPHP/Library/Think/View.class.php 第 92 行.
NOTIC: [2] Cannot modify header information - headers already sent by (output started at /Users/rubin/Desktop/乙租/yizufw/ThinkPHP/Library/Think/View.class.php:95) /Users/rubin/Desktop/乙租/yizufw/ThinkPHP/Library/Think/View.class.php 第 93 行.
INFO: [ app_end ] --START--
INFO: Run Behavior\ShowPageTraceBehavior [ RunTime:0.001360s ]
INFO: [ app_end ] --END-- [ RunTime:0.001407s ]

[ 2018-08-03T18:44:26+08:00 ] ::1 /
INFO: [ app_init ] --START--
INFO: Run Behavior\BuildLiteBehavior [ RunTime:0.000011s ]
INFO: [ app_init ] --END-- [ RunTime:0.000293s ]
INFO: [ app_begin ] --START--
INFO: Run Behavior\ReadHtmlCacheBehavior [ RunTime:0.000390s ]
INFO: [ app_begin ] --END-- [ RunTime:0.000418s ]
INFO: [ view_parse ] --START--
INFO: [ template_filter ] --START--
INFO: Run Behavior\ContentReplaceBehavior [ RunTime:0.000192s ]
INFO: [ template_filter ] --END-- [ RunTime:0.000240s ]
INFO: Run Behavior\ParseTemplateBehavior [ RunTime:0.007140s ]
INFO: [ view_parse ] --END-- [ RunTime:0.007183s ]
INFO: [ view_filter ] --START--
INFO: Run Behavior\WriteHtmlCacheBehavior [ RunTime:0.000202s ]
INFO: [ view_filter ] --END-- [ RunTime:0.000236s ]
INFO: [ view_parse ] --START--
INFO: [ template_filter ] --START--
INFO: Run Behavior\ContentReplaceBehavior [ RunTime:0.000049s ]
INFO: [ template_filter ] --END-- [ RunTime:-0.002466s ]
INFO: Run Behavior\ParseTemplateBehavior [ RunTime:0.001707s ]
INFO: [ view_parse ] --END-- [ RunTime:-0.000632s ]
INFO: [ view_filter ] --START--
INFO: Run Behavior\WriteHtmlCacheBehavior [ RunTime:0.000024s ]
INFO: [ view_filter ] --END-- [ RunTime:-0.002152s ]
NOTIC: [2] Cannot modify header information - headers already sent by (output started at /Users/rubin/Desktop/乙租/yizufw/ThinkPHP/Library/Think/View.class.php:95) /Users/rubin/Desktop/乙租/yizufw/ThinkPHP/Library/Think/View.class.php 第 91 行.
NOTIC: [2] Cannot modify header information - headers already sent by (output started at /Users/rubin/Desktop/乙租/yizufw/ThinkPHP/Library/Think/View.class.php:95) /Users/rubin/Desktop/乙租/yizufw/ThinkPHP/Library/Think/View.class.php 第 92 行.
NOTIC: [2] Cannot modify header information - headers already sent by (output started at /Users/rubin/Desktop/乙租/yizufw/ThinkPHP/Library/Think/View.class.php:95) /Users/rubin/Desktop/乙租/yizufw/ThinkPHP/Library/Think/View.class.php 第 93 行.
INFO: [ app_end ] --START--
INFO: Run Behavior\ShowPageTraceBehavior [ RunTime:0.000977s ]
INFO: [ app_end ] --END-- [ RunTime:0.001032s ]

[ 2018-08-03T19:30:40+08:00 ] ::1 /
INFO: [ app_init ] --START--
INFO: Run Behavior\BuildLiteBehavior [ RunTime:0.000015s ]
INFO: [ app_init ] --END-- [ RunTime:0.000430s ]
INFO: [ app_begin ] --START--
INFO: Run Behavior\ReadHtmlCacheBehavior [ RunTime:0.000556s ]
INFO: [ app_begin ] --END-- [ RunTime:0.000609s ]
INFO: [ view_parse ] --START--
INFO: [ template_filter ] --START--
INFO: Run Behavior\ContentReplaceBehavior [ RunTime:0.000218s ]
INFO: [ template_filter ] --END-- [ RunTime:0.000272s ]
INFO: Run Behavior\ParseTemplateBehavior [ RunTime:0.048794s ]
INFO: [ view_parse ] --END-- [ RunTime:0.048955s ]
INFO: [ view_filter ] --START--
INFO: Run Behavior\WriteHtmlCacheBehavior [ RunTime:0.001058s ]
INFO: [ view_filter ] --END-- [ RunTime:0.001291s ]
INFO: [ view_parse ] --START--
INFO: [ template_filter ] --START--
INFO: Run Behavior\ContentReplaceBehavior [ RunTime:0.000048s ]
INFO: [ template_filter ] --END-- [ RunTime:-0.046267s ]
INFO: Run Behavior\ParseTemplateBehavior [ RunTime:0.001796s ]
INFO: [ view_parse ] --END-- [ RunTime:-0.002704s ]
INFO: [ view_filter ] --START--
INFO: Run Behavior\WriteHtmlCacheBehavior [ RunTime:0.000010s ]
INFO: [ view_filter ] --END-- [ RunTime:-0.003205s ]
NOTIC: [2] Cannot modify header information - headers already sent by (output started at /Users/rubin/Desktop/乙租/yizufw/ThinkPHP/Library/Think/View.class.php:95) /Users/rubin/Desktop/乙租/yizufw/ThinkPHP/Library/Think/View.class.php 第 91 行.
NOTIC: [2] Cannot modify header information - headers already sent by (output started at /Users/rubin/Desktop/乙租/yizufw/ThinkPHP/Library/Think/View.class.php:95) /Users/rubin/Desktop/乙租/yizufw/ThinkPHP/Library/Think/View.class.php 第 92 行.
NOTIC: [2] Cannot modify header information - headers already sent by (output started at /Users/rubin/Desktop/乙租/yizufw/ThinkPHP/Library/Think/View.class.php:95) /Users/rubin/Desktop/乙租/yizufw/ThinkPHP/Library/Think/View.class.php 第 93 行.
INFO: [ app_end ] --START--
INFO: Run Behavior\ShowPageTraceBehavior [ RunTime:0.000981s ]
INFO: [ app_end ] --END-- [ RunTime:0.001031s ]

[ 2018-08-03T19:30:47+08:00 ] ::1 /
INFO: [ app_init ] --START--
INFO: Run Behavior\BuildLiteBehavior [ RunTime:0.000015s ]
INFO: [ app_init ] --END-- [ RunTime:0.000447s ]
INFO: [ app_begin ] --START--
INFO: Run Behavior\ReadHtmlCacheBehavior [ RunTime:0.000916s ]
INFO: [ app_begin ] --END-- [ RunTime:0.001034s ]
INFO: [ view_parse ] --START--
INFO: [ template_filter ] --START--
INFO: Run Behavior\ContentReplaceBehavior [ RunTime:0.000266s ]
INFO: [ template_filter ] --END-- [ RunTime:0.000319s ]
INFO: Run Behavior\ParseTemplateBehavior [ RunTime:0.053546s ]
INFO: [ view_parse ] --END-- [ RunTime:0.053728s ]
INFO: [ view_filter ] --START--
INFO: Run Behavior\WriteHtmlCacheBehavior [ RunTime:0.000753s ]
INFO: [ view_filter ] --END-- [ RunTime:0.000863s ]
INFO: [ view_parse ] --START--
INFO: [ template_filter ] --START--
INFO: Run Behavior\ContentReplaceBehavior [ RunTime:0.000067s ]
INFO: [ template_filter ] --END-- [ RunTime:-0.046773s ]
INFO: Run Behavior\ParseTemplateBehavior [ RunTime:0.002485s ]
INFO: [ view_parse ] --END-- [ RunTime:-0.002404s ]
INFO: [ view_filter ] --START--
INFO: Run Behavior\WriteHtmlCacheBehavior [ RunTime:0.000009s ]
INFO: [ view_filter ] --END-- [ RunTime:-0.004039s ]
NOTIC: [2] Cannot modify header information - headers already sent by (output started at /Users/rubin/Desktop/乙租/yizufw/ThinkPHP/Library/Think/View.class.php:95) /Users/rubin/Desktop/乙租/yizufw/ThinkPHP/Library/Think/View.class.php 第 91 行.
NOTIC: [2] Cannot modify header information - headers already sent by (output started at /Users/rubin/Desktop/乙租/yizufw/ThinkPHP/Library/Think/View.class.php:95) /Users/rubin/Desktop/乙租/yizufw/ThinkPHP/Library/Think/View.class.php 第 92 行.
NOTIC: [2] Cannot modify header information - headers already sent by (output started at /Users/rubin/Desktop/乙租/yizufw/ThinkPHP/Library/Think/View.class.php:95) /Users/rubin/Desktop/乙租/yizufw/ThinkPHP/Library/Think/View.class.php 第 93 行.
INFO: [ app_end ] --START--
INFO: Run Behavior\ShowPageTraceBehavior [ RunTime:0.000702s ]
INFO: [ app_end ] --END-- [ RunTime:0.000737s ]

[ 2018-08-03T19:50:07+08:00 ] ::1 /
INFO: [ app_init ] --START--
INFO: Run Behavior\BuildLiteBehavior [ RunTime:0.000015s ]
INFO: [ app_init ] --END-- [ RunTime:0.000740s ]
INFO: [ app_begin ] --START--
INFO: Run Behavior\ReadHtmlCacheBehavior [ RunTime:0.000848s ]
INFO: [ app_begin ] --END-- [ RunTime:0.000900s ]
INFO: [ view_parse ] --START--
INFO: [ template_filter ] --START--
INFO: Run Behavior\ContentReplaceBehavior [ RunTime:0.000203s ]
INFO: [ template_filter ] --END-- [ RunTime:0.000244s ]
INFO: Run Behavior\ParseTemplateBehavior [ RunTime:0.009263s ]
INFO: [ view_parse ] --END-- [ RunTime:0.009296s ]
INFO: [ view_filter ] --START--
INFO: Run Behavior\WriteHtmlCacheBehavior [ RunTime:0.000667s ]
INFO: [ view_filter ] --END-- [ RunTime:0.000708s ]
INFO: [ view_parse ] --START--
INFO: [ template_filter ] --START--
INFO: Run Behavior\ContentReplaceBehavior [ RunTime:0.000054s ]
INFO: [ template_filter ] --END-- [ RunTime:-0.003217s ]
INFO: Run Behavior\ParseTemplateBehavior [ RunTime:0.001669s ]
INFO: [ view_parse ] --END-- [ RunTime:-0.001378s ]
INFO: [ view_filter ] --START--
INFO: Run Behavior\WriteHtmlCacheBehavior [ RunTime:0.000012s ]
INFO: [ view_filter ] --END-- [ RunTime:-0.002392s ]
NOTIC: [2] Cannot modify header information - headers already sent by (output started at /Users/rubin/Desktop/乙租/yizufw/ThinkPHP/Library/Think/View.class.php:95) /Users/rubin/Desktop/乙租/yizufw/ThinkPHP/Library/Think/View.class.php 第 91 行.
NOTIC: [2] Cannot modify header information - headers already sent by (output started at /Users/rubin/Desktop/乙租/yizufw/ThinkPHP/Library/Think/View.class.php:95) /Users/rubin/Desktop/乙租/yizufw/ThinkPHP/Library/Think/View.class.php 第 92 行.
NOTIC: [2] Cannot modify header information - headers already sent by (output started at /Users/rubin/Desktop/乙租/yizufw/ThinkPHP/Library/Think/View.class.php:95) /Users/rubin/Desktop/乙租/yizufw/ThinkPHP/Library/Think/View.class.php 第 93 行.
INFO: [ app_end ] --START--
INFO: Run Behavior\ShowPageTraceBehavior [ RunTime:0.001128s ]
INFO: [ app_end ] --END-- [ RunTime:0.001168s ]

[ 2018-08-03T19:50:43+08:00 ] ::1 /
INFO: [ app_init ] --START--
INFO: Run Behavior\BuildLiteBehavior [ RunTime:0.000010s ]
INFO: [ app_init ] --END-- [ RunTime:0.000301s ]
INFO: [ app_begin ] --START--
INFO: Run Behavior\ReadHtmlCacheBehavior [ RunTime:0.000470s ]
INFO: [ app_begin ] --END-- [ RunTime:0.000498s ]
INFO: [ view_parse ] --START--
INFO: [ template_filter ] --START--
INFO: Run Behavior\ContentReplaceBehavior [ RunTime:0.000276s ]
INFO: [ template_filter ] --END-- [ RunTime:0.000318s ]
INFO: Run Behavior\ParseTemplateBehavior [ RunTime:0.008566s ]
INFO: [ view_parse ] --END-- [ RunTime:0.008599s ]
INFO: [ view_filter ] --START--
INFO: Run Behavior\WriteHtmlCacheBehavior [ RunTime:0.000161s ]
INFO: [ view_filter ] --END-- [ RunTime:0.000183s ]
INFO: [ view_parse ] --START--
INFO: [ template_filter ] --START--
INFO: Run Behavior\ContentReplaceBehavior [ RunTime:0.000051s ]
INFO: [ template_filter ] --END-- [ RunTime:-0.002594s ]
INFO: Run Behavior\ParseTemplateBehavior [ RunTime:0.001426s ]
INFO: [ view_parse ] --END-- [ RunTime:-0.000900s ]
INFO: [ view_filter ] --START--
INFO: Run Behavior\WriteHtmlCacheBehavior [ RunTime:0.000009s ]
INFO: [ view_filter ] --END-- [ RunTime:-0.002185s ]
NOTIC: [2] Cannot modify header information - headers already sent by (output started at /Users/rubin/Desktop/乙租/yizufw/ThinkPHP/Library/Think/View.class.php:95) /Users/rubin/Desktop/乙租/yizufw/ThinkPHP/Library/Think/View.class.php 第 91 行.
NOTIC: [2] Cannot modify header information - headers already sent by (output started at /Users/rubin/Desktop/乙租/yizufw/ThinkPHP/Library/Think/View.class.php:95) /Users/rubin/Desktop/乙租/yizufw/ThinkPHP/Library/Think/View.class.php 第 92 行.
NOTIC: [2] Cannot modify header information - headers already sent by (output started at /Users/rubin/Desktop/乙租/yizufw/ThinkPHP/Library/Think/View.class.php:95) /Users/rubin/Desktop/乙租/yizufw/ThinkPHP/Library/Think/View.class.php 第 93 行.
INFO: [ app_end ] --START--
INFO: Run Behavior\ShowPageTraceBehavior [ RunTime:0.000963s ]
INFO: [ app_end ] --END-- [ RunTime:0.001009s ]

[ 2018-08-03T20:03:06+08:00 ] ::1 /
INFO: [ app_init ] --START--
INFO: Run Behavior\BuildLiteBehavior [ RunTime:0.000011s ]
INFO: [ app_init ] --END-- [ RunTime:0.000348s ]
INFO: [ app_begin ] --START--
INFO: Run Behavior\ReadHtmlCacheBehavior [ RunTime:0.000413s ]
INFO: [ app_begin ] --END-- [ RunTime:0.000442s ]
INFO: [ view_parse ] --START--
INFO: [ template_filter ] --START--
INFO: Run Behavior\ContentReplaceBehavior [ RunTime:0.000262s ]
INFO: [ template_filter ] --END-- [ RunTime:0.000301s ]
INFO: Run Behavior\ParseTemplateBehavior [ RunTime:0.010829s ]
INFO: [ view_parse ] --END-- [ RunTime:0.010875s ]
INFO: [ view_filter ] --START--
INFO: Run Behavior\WriteHtmlCacheBehavior [ RunTime:0.000301s ]
INFO: [ view_filter ] --END-- [ RunTime:0.000382s ]
INFO: [ app_end ] --START--
INFO: Run Behavior\ShowPageTraceBehavior [ RunTime:0.000894s ]
INFO: [ app_end ] --END-- [ RunTime:0.000953s ]

[ 2018-08-03T20:03:25+08:00 ] ::1 /index.php/Home/Release/searh.html
INFO: [ app_init ] --START--
INFO: Run Behavior\BuildLiteBehavior [ RunTime:0.000010s ]
INFO: [ app_init ] --END-- [ RunTime:0.000286s ]
INFO: [ app_begin ] --START--
INFO: Run Behavior\ReadHtmlCacheBehavior [ RunTime:0.000394s ]
INFO: [ app_begin ] --END-- [ RunTime:0.000422s ]
ERR: 非法操作:searh

[ 2018-08-03T20:03:37+08:00 ] ::1 /
INFO: [ app_init ] --START--
INFO: Run Behavior\BuildLiteBehavior [ RunTime:0.000025s ]
INFO: [ app_init ] --END-- [ RunTime:0.000397s ]
INFO: [ app_begin ] --START--
INFO: Run Behavior\ReadHtmlCacheBehavior [ RunTime:0.000481s ]
INFO: [ app_begin ] --END-- [ RunTime:0.000524s ]
INFO: [ view_parse ] --START--
INFO: [ template_filter ] --START--
INFO: Run Behavior\ContentReplaceBehavior [ RunTime:0.000399s ]
INFO: [ template_filter ] --END-- [ RunTime:0.000469s ]
INFO: Run Behavior\ParseTemplateBehavior [ RunTime:0.010271s ]
INFO: [ view_parse ] --END-- [ RunTime:0.010307s ]
INFO: [ view_filter ] --START--
INFO: Run Behavior\WriteHtmlCacheBehavior [ RunTime:0.000165s ]
INFO: [ view_filter ] --END-- [ RunTime:0.000188s ]
INFO: [ app_end ] --START--
INFO: Run Behavior\ShowPageTraceBehavior [ RunTime:0.000799s ]
INFO: [ app_end ] --END-- [ RunTime:0.000851s ]

[ 2018-08-03T20:39:56+08:00 ] ::1 /
INFO: [ app_init ] --START--
INFO: Run Behavior\BuildLiteBehavior [ RunTime:0.000048s ]
INFO: [ app_init ] --END-- [ RunTime:0.004649s ]
INFO: [ app_begin ] --START--
INFO: Run Behavior\ReadHtmlCacheBehavior [ RunTime:0.001133s ]
INFO: [ app_begin ] --END-- [ RunTime:0.001207s ]
INFO: [ view_parse ] --START--
INFO: [ template_filter ] --START--
INFO: Run Behavior\ContentReplaceBehavior [ RunTime:0.000396s ]
INFO: [ template_filter ] --END-- [ RunTime:0.000505s ]
INFO: Run Behavior\ParseTemplateBehavior [ RunTime:0.017317s ]
INFO: [ view_parse ] --END-- [ RunTime:0.017367s ]
INFO: [ view_filter ] --START--
INFO: Run Behavior\WriteHtmlCacheBehavior [ RunTime:0.000493s ]
INFO: [ view_filter ] --END-- [ RunTime:0.000537s ]
INFO: [ app_end ] --START--
INFO: Run Behavior\ShowPageTraceBehavior [ RunTime:0.001395s ]
INFO: [ app_end ] --END-- [ RunTime:0.001467s ]

[ 2018-08-03T20:40:15+08:00 ] ::1 /
INFO: [ app_init ] --START--
INFO: Run Behavior\BuildLiteBehavior [ RunTime:0.000010s ]
INFO: [ app_init ] --END-- [ RunTime:0.000361s ]
INFO: [ app_begin ] --START--
INFO: Run Behavior\ReadHtmlCacheBehavior [ RunTime:0.000422s ]
INFO: [ app_begin ] --END-- [ RunTime:0.000454s ]
INFO: [ view_parse ] --START--
INFO: [ template_filter ] --START--
INFO: Run Behavior\ContentReplaceBehavior [ RunTime:0.000263s ]
INFO: [ template_filter ] --END-- [ RunTime:0.000301s ]
INFO: Run Behavior\ParseTemplateBehavior [ RunTime:0.008106s ]
INFO: [ view_parse ] --END-- [ RunTime:0.008137s ]
INFO: [ view_filter ] --START--
INFO: Run Behavior\WriteHtmlCacheBehavior [ RunTime:0.000148s ]
INFO: [ view_filter ] --END-- [ RunTime:0.000169s ]
INFO: [ app_end ] --START--
INFO: Run Behavior\ShowPageTraceBehavior [ RunTime:0.000726s ]
INFO: [ app_end ] --END-- [ RunTime:0.000774s ]

[ 2018-08-03T20:40:55+08:00 ] ::1 /index.php/Home/Like/index.html
INFO: [ app_init ] --START--
INFO: Run Behavior\BuildLiteBehavior [ RunTime:0.000037s ]
INFO: [ app_init ] --END-- [ RunTime:0.000821s ]
INFO: [ app_begin ] --START--
INFO: Run Behavior\ReadHtmlCacheBehavior [ RunTime:0.000520s ]
INFO: [ app_begin ] --END-- [ RunTime:0.000575s ]
SQL: SHOW COLUMNS FROM `yz_guangzhou_district` [ RunTime:0.0113s ]
SQL: SELECT `id`,`district_name` FROM `yz_guangzhou_district`  [ RunTime:0.0091s ]
SQL: SHOW COLUMNS FROM `yz_metro` [ RunTime:0.0095s ]
SQL: SELECT `id`,`metro_name` FROM `yz_metro`  [ RunTime:0.0255s ]
SQL: SHOW COLUMNS FROM `yz_site` [ RunTime:0.0279s ]
SQL: SELECT `id`,`site_name`,`metro_id` FROM `yz_site` WHERE ( metro_id=1 )  [ RunTime:0.0123s ]
SQL: SELECT `id`,`site_name`,`metro_id` FROM `yz_site` WHERE ( metro_id=2 )  [ RunTime:0.0095s ]
SQL: SELECT `id`,`site_name`,`metro_id` FROM `yz_site` WHERE ( metro_id=3 )  [ RunTime:0.0264s ]
SQL: SELECT `id`,`site_name`,`metro_id` FROM `yz_site` WHERE ( metro_id=4 )  [ RunTime:0.0138s ]
SQL: SELECT `id`,`site_name`,`metro_id` FROM `yz_site` WHERE ( metro_id=5 )  [ RunTime:0.0094s ]
SQL: SELECT `id`,`site_name`,`metro_id` FROM `yz_site` WHERE ( metro_id=6 )  [ RunTime:0.0102s ]
SQL: SELECT `id`,`site_name`,`metro_id` FROM `yz_site` WHERE ( metro_id=7 )  [ RunTime:0.0092s ]
SQL: SELECT `id`,`site_name`,`metro_id` FROM `yz_site` WHERE ( metro_id=8 )  [ RunTime:0.0115s ]
SQL: SELECT `id`,`site_name`,`metro_id` FROM `yz_site` WHERE ( metro_id=9 )  [ RunTime:0.0095s ]
SQL: SELECT `id`,`site_name`,`metro_id` FROM `yz_site` WHERE ( metro_id=10 )  [ RunTime:0.0101s ]
SQL: SELECT `id`,`site_name`,`metro_id` FROM `yz_site` WHERE ( metro_id=11 )  [ RunTime:0.0211s ]
SQL: SELECT `id`,`site_name`,`metro_id` FROM `yz_site` WHERE ( metro_id=12 )  [ RunTime:0.0151s ]
SQL: SELECT `id`,`site_name`,`metro_id` FROM `yz_site` WHERE ( metro_id=13 )  [ RunTime:0.0108s ]
SQL: SELECT `id`,`site_name`,`metro_id` FROM `yz_site` WHERE ( metro_id=14 )  [ RunTime:0.0187s ]
INFO: [ view_parse ] --START--
INFO: [ template_filter ] --START--
INFO: Run Behavior\ContentReplaceBehavior [ RunTime:0.000132s ]
INFO: [ template_filter ] --END-- [ RunTime:0.000168s ]
NOTIC: [8] Undefined variable: res /Users/rubin/Desktop/乙租/yizufw/Application/Runtime/Cache/Home/ab9f7ec73eef561b6833ae862bb0730c.php 第 314 行.
NOTIC: [8] Undefined variable: page /Users/rubin/Desktop/乙租/yizufw/Application/Runtime/Cache/Home/ab9f7ec73eef561b6833ae862bb0730c.php 第 367 行.
INFO: Run Behavior\ParseTemplateBehavior [ RunTime:0.020480s ]
INFO: [ view_parse ] --END-- [ RunTime:0.020561s ]
INFO: [ view_filter ] --START--
INFO: Run Behavior\WriteHtmlCacheBehavior [ RunTime:0.000166s ]
INFO: [ view_filter ] --END-- [ RunTime:0.000188s ]
INFO: [ app_end ] --START--
INFO: Run Behavior\ShowPageTraceBehavior [ RunTime:0.000936s ]
INFO: [ app_end ] --END-- [ RunTime:0.000987s ]

[ 2018-08-03T20:41:06+08:00 ] ::1 /index.php/Home/Like/screen.html
INFO: [ app_init ] --START--
INFO: Run Behavior\BuildLiteBehavior [ RunTime:0.000010s ]
INFO: [ app_init ] --END-- [ RunTime:0.000297s ]
INFO: [ app_begin ] --START--
INFO: Run Behavior\ReadHtmlCacheBehavior [ RunTime:0.000426s ]
INFO: [ app_begin ] --END-- [ RunTime:0.000469s ]
SQL: SHOW COLUMNS FROM `yz_fangyuan` [ RunTime:0.0211s ]
SQL: SELECT * FROM `yz_fangyuan` WHERE `metro` = '' AND `site` = 10 AND `identity` = '经纪人' AND `type` = 1  [ RunTime:0.0130s ]
INFO: [ app_end ] --START--
INFO: Run Behavior\ShowPageTraceBehavior [ RunTime:0.003440s ]
INFO: [ app_end ] --END-- [ RunTime:0.003634s ]

[ 2018-08-03T20:41:06+08:00 ] ::1 /index.php/Home/Like/screen.html
INFO: [ app_init ] --START--
INFO: Run Behavior\BuildLiteBehavior [ RunTime:0.000010s ]
INFO: [ app_init ] --END-- [ RunTime:0.000345s ]
INFO: [ app_begin ] --START--
INFO: Run Behavior\ReadHtmlCacheBehavior [ RunTime:0.000392s ]
INFO: [ app_begin ] --END-- [ RunTime:0.000420s ]
SQL: SHOW COLUMNS FROM `yz_fangyuan` [ RunTime:0.0249s ]
SQL: SELECT * FROM `yz_fangyuan` WHERE `metro` = '' AND `site` = 10 AND `identity` = '经纪人' AND `type` = 1  [ RunTime:0.0165s ]
INFO: [ app_end ] --START--
INFO: Run Behavior\ShowPageTraceBehavior [ RunTime:0.002131s ]
INFO: [ app_end ] --END-- [ RunTime:0.002264s ]

[ 2018-08-03T20:41:07+08:00 ] ::1 /index.php/Home/Like/screen.html
INFO: [ app_init ] --START--
INFO: Run Behavior\BuildLiteBehavior [ RunTime:0.000010s ]
INFO: [ app_init ] --END-- [ RunTime:0.000292s ]
INFO: [ app_begin ] --START--
INFO: Run Behavior\ReadHtmlCacheBehavior [ RunTime:0.000409s ]
INFO: [ app_begin ] --END-- [ RunTime:0.000438s ]
SQL: SHOW COLUMNS FROM `yz_fangyuan` [ RunTime:0.0101s ]
SQL: SELECT * FROM `yz_fangyuan` WHERE `metro` = '' AND `site` = 10 AND `identity` = '经纪人' AND `type` = 1  [ RunTime:0.0114s ]
INFO: [ app_end ] --START--
INFO: Run Behavior\ShowPageTraceBehavior [ RunTime:0.002358s ]
INFO: [ app_end ] --END-- [ RunTime:0.002509s ]

[ 2018-08-03T20:41:07+08:00 ] ::1 /index.php/Home/Like/screen.html
INFO: [ app_init ] --START--
INFO: Run Behavior\BuildLiteBehavior [ RunTime:0.000010s ]
INFO: [ app_init ] --END-- [ RunTime:0.000284s ]
INFO: [ app_begin ] --START--
INFO: Run Behavior\ReadHtmlCacheBehavior [ RunTime:0.000385s ]
INFO: [ app_begin ] --END-- [ RunTime:0.000411s ]
SQL: SHOW COLUMNS FROM `yz_fangyuan` [ RunTime:0.0120s ]
SQL: SELECT * FROM `yz_fangyuan` WHERE `metro` = '' AND `site` = 10 AND `identity` = '经纪人' AND `type` = 1  [ RunTime:0.0241s ]
INFO: [ app_end ] --START--
INFO: Run Behavior\ShowPageTraceBehavior [ RunTime:0.002190s ]
INFO: [ app_end ] --END-- [ RunTime:0.002380s ]

[ 2018-08-03T20:41:07+08:00 ] ::1 /index.php/Home/Like/screen.html
INFO: [ app_init ] --START--
INFO: Run Behavior\BuildLiteBehavior [ RunTime:0.000009s ]
INFO: [ app_init ] --END-- [ RunTime:0.000282s ]
INFO: [ app_begin ] --START--
INFO: Run Behavior\ReadHtmlCacheBehavior [ RunTime:0.000388s ]
INFO: [ app_begin ] --END-- [ RunTime:0.000416s ]
SQL: SHOW COLUMNS FROM `yz_fangyuan` [ RunTime:0.0139s ]
SQL: SELECT * FROM `yz_fangyuan` WHERE `metro` = '' AND `site` = 10 AND `identity` = '经纪人' AND `type` = 1  [ RunTime:0.0164s ]
INFO: [ app_end ] --START--
INFO: Run Behavior\ShowPageTraceBehavior [ RunTime:0.001823s ]
INFO: [ app_end ] --END-- [ RunTime:0.001937s ]

[ 2018-08-03T20:41:07+08:00 ] ::1 /index.php/Home/Like/screen.html
INFO: [ app_init ] --START--
INFO: Run Behavior\BuildLiteBehavior [ RunTime:0.000010s ]
INFO: [ app_init ] --END-- [ RunTime:0.000286s ]
INFO: [ app_begin ] --START--
INFO: Run Behavior\ReadHtmlCacheBehavior [ RunTime:0.000462s ]
INFO: [ app_begin ] --END-- [ RunTime:0.000495s ]
SQL: SHOW COLUMNS FROM `yz_fangyuan` [ RunTime:0.0117s ]
SQL: SELECT * FROM `yz_fangyuan` WHERE `metro` = '' AND `site` = 10 AND `identity` = '经纪人' AND `type` = 1  [ RunTime:0.0126s ]
INFO: [ app_end ] --START--
INFO: Run Behavior\ShowPageTraceBehavior [ RunTime:0.003180s ]
INFO: [ app_end ] --END-- [ RunTime:0.003363s ]

[ 2018-08-03T20:41:08+08:00 ] ::1 /index.php/Home/Like/screen.html
INFO: [ app_init ] --START--
INFO: Run Behavior\BuildLiteBehavior [ RunTime:0.000011s ]
INFO: [ app_init ] --END-- [ RunTime:0.000326s ]
INFO: [ app_begin ] --START--
INFO: Run Behavior\ReadHtmlCacheBehavior [ RunTime:0.000475s ]
INFO: [ app_begin ] --END-- [ RunTime:0.000508s ]
SQL: SHOW COLUMNS FROM `yz_fangyuan` [ RunTime:0.0117s ]
SQL: SELECT * FROM `yz_fangyuan` WHERE `metro` = '' AND `site` = 10 AND `identity` = '经纪人' AND `type` = 1  [ RunTime:0.0127s ]
INFO: [ app_end ] --START--
INFO: Run Behavior\ShowPageTraceBehavior [ RunTime:0.002200s ]
INFO: [ app_end ] --END-- [ RunTime:0.002516s ]

[ 2018-08-03T20:41:08+08:00 ] ::1 /index.php/Home/Like/screen.html
INFO: [ app_init ] --START--
INFO: Run Behavior\BuildLiteBehavior [ RunTime:0.000011s ]
INFO: [ app_init ] --END-- [ RunTime:0.000338s ]
INFO: [ app_begin ] --START--
INFO: Run Behavior\ReadHtmlCacheBehavior [ RunTime:0.000459s ]
INFO: [ app_begin ] --END-- [ RunTime:0.000491s ]
SQL: SHOW COLUMNS FROM `yz_fangyuan` [ RunTime:0.0144s ]
SQL: SELECT * FROM `yz_fangyuan` WHERE `metro` = '' AND `site` = 10 AND `identity` = '经纪人' AND `type` = 1  [ RunTime:0.0118s ]
INFO: [ app_end ] --START--
INFO: Run Behavior\ShowPageTraceBehavior [ RunTime:0.002328s ]
INFO: [ app_end ] --END-- [ RunTime:0.002484s ]

[ 2018-08-03T20:41:14+08:00 ] ::1 /index.php/Home/Like/index.html
INFO: [ app_init ] --START--
INFO: Run Behavior\BuildLiteBehavior [ RunTime:0.000013s ]
INFO: [ app_init ] --END-- [ RunTime:0.000461s ]
INFO: [ app_begin ] --START--
INFO: Run Behavior\ReadHtmlCacheBehavior [ RunTime:0.000505s ]
INFO: [ app_begin ] --END-- [ RunTime:0.000557s ]
SQL: SHOW COLUMNS FROM `yz_guangzhou_district` [ RunTime:0.0097s ]
SQL: SELECT `id`,`district_name` FROM `yz_guangzhou_district`  [ RunTime:0.0103s ]
SQL: SHOW COLUMNS FROM `yz_metro` [ RunTime:0.0101s ]
SQL: SELECT `id`,`metro_name` FROM `yz_metro`  [ RunTime:0.0137s ]
SQL: SHOW COLUMNS FROM `yz_site` [ RunTime:0.0119s ]
SQL: SELECT `id`,`site_name`,`metro_id` FROM `yz_site` WHERE ( metro_id=1 )  [ RunTime:0.0096s ]
SQL: SELECT `id`,`site_name`,`metro_id` FROM `yz_site` WHERE ( metro_id=2 )  [ RunTime:0.0116s ]
SQL: SELECT `id`,`site_name`,`metro_id` FROM `yz_site` WHERE ( metro_id=3 )  [ RunTime:0.0132s ]
SQL: SELECT `id`,`site_name`,`metro_id` FROM `yz_site` WHERE ( metro_id=4 )  [ RunTime:0.0101s ]
SQL: SELECT `id`,`site_name`,`metro_id` FROM `yz_site` WHERE ( metro_id=5 )  [ RunTime:0.0096s ]
SQL: SELECT `id`,`site_name`,`metro_id` FROM `yz_site` WHERE ( metro_id=6 )  [ RunTime:0.0120s ]
SQL: SELECT `id`,`site_name`,`metro_id` FROM `yz_site` WHERE ( metro_id=7 )  [ RunTime:0.0489s ]
SQL: SELECT `id`,`site_name`,`metro_id` FROM `yz_site` WHERE ( metro_id=8 )  [ RunTime:0.0119s ]
SQL: SELECT `id`,`site_name`,`metro_id` FROM `yz_site` WHERE ( metro_id=9 )  [ RunTime:0.0096s ]
SQL: SELECT `id`,`site_name`,`metro_id` FROM `yz_site` WHERE ( metro_id=10 )  [ RunTime:0.0148s ]
SQL: SELECT `id`,`site_name`,`metro_id` FROM `yz_site` WHERE ( metro_id=11 )  [ RunTime:0.0131s ]
SQL: SELECT `id`,`site_name`,`metro_id` FROM `yz_site` WHERE ( metro_id=12 )  [ RunTime:0.0106s ]
SQL: SELECT `id`,`site_name`,`metro_id` FROM `yz_site` WHERE ( metro_id=13 )  [ RunTime:0.0147s ]
SQL: SELECT `id`,`site_name`,`metro_id` FROM `yz_site` WHERE ( metro_id=14 )  [ RunTime:0.0142s ]
INFO: [ view_parse ] --START--
INFO: [ template_filter ] --START--
INFO: Run Behavior\ContentReplaceBehavior [ RunTime:0.000194s ]
INFO: [ template_filter ] --END-- [ RunTime:0.000239s ]
NOTIC: [8] Undefined variable: res /Users/rubin/Desktop/乙租/yizufw/Application/Runtime/Cache/Home/ab9f7ec73eef561b6833ae862bb0730c.php 第 314 行.
NOTIC: [8] Undefined variable: page /Users/rubin/Desktop/乙租/yizufw/Application/Runtime/Cache/Home/ab9f7ec73eef561b6833ae862bb0730c.php 第 367 行.
INFO: Run Behavior\ParseTemplateBehavior [ RunTime:0.017330s ]
INFO: [ view_parse ] --END-- [ RunTime:0.017373s ]
INFO: [ view_filter ] --START--
INFO: Run Behavior\WriteHtmlCacheBehavior [ RunTime:0.000179s ]
INFO: [ view_filter ] --END-- [ RunTime:0.000201s ]
INFO: [ app_end ] --START--
INFO: Run Behavior\ShowPageTraceBehavior [ RunTime:0.000785s ]
INFO: [ app_end ] --END-- [ RunTime:0.000876s ]

[ 2018-08-03T20:48:42+08:00 ] ::1 /
INFO: [ app_init ] --START--
INFO: Run Behavior\BuildLiteBehavior [ RunTime:0.000011s ]
INFO: [ app_init ] --END-- [ RunTime:0.000403s ]
INFO: [ app_begin ] --START--
INFO: Run Behavior\ReadHtmlCacheBehavior [ RunTime:0.000535s ]
INFO: [ app_begin ] --END-- [ RunTime:0.000571s ]
INFO: [ view_parse ] --START--
INFO: [ template_filter ] --START--
INFO: Run Behavior\ContentReplaceBehavior [ RunTime:0.000353s ]
INFO: [ template_filter ] --END-- [ RunTime:0.000401s ]
INFO: Run Behavior\ParseTemplateBehavior [ RunTime:0.007899s ]
INFO: [ view_parse ] --END-- [ RunTime:0.007936s ]
INFO: [ view_filter ] --START--
INFO: Run Behavior\WriteHtmlCacheBehavior [ RunTime:0.000183s ]
INFO: [ view_filter ] --END-- [ RunTime:0.000207s ]
INFO: [ app_end ] --START--
INFO: Run Behavior\ShowPageTraceBehavior [ RunTime:0.001583s ]
INFO: [ app_end ] --END-- [ RunTime:0.001663s ]

