[ 2018-08-09T14:54:50+08:00 ] 127.0.0.1 /index.php/Admin/Index
INFO: [ app_init ] --START--
INFO: Run Behavior\BuildLiteBehavior [ RunTime:0.000000s ]
INFO: [ app_init ] --END-- [ RunTime:0.000000s ]
INFO: [ app_begin ] --START--
INFO: Run Behavior\ReadHtmlCacheBehavior [ RunTime:0.001000s ]
INFO: [ app_begin ] --END-- [ RunTime:0.001000s ]
INFO: [ view_parse ] --START--
INFO: [ template_filter ] --START--
INFO: Run Behavior\ContentReplaceBehavior [ RunTime:0.000000s ]
INFO: [ template_filter ] --END-- [ RunTime:0.000000s ]
INFO: Run Behavior\ParseTemplateBehavior [ RunTime:0.004000s ]
INFO: [ view_parse ] --END-- [ RunTime:0.004000s ]
INFO: [ view_filter ] --START--
INFO: Run Behavior\WriteHtmlCacheBehavior [ RunTime:0.000000s ]
INFO: [ view_filter ] --END-- [ RunTime:0.000000s ]

[ 2018-08-09T14:55:07+08:00 ] 127.0.0.1 /index.php/Admin/login/index
INFO: [ app_init ] --START--
INFO: Run Behavior\BuildLiteBehavior [ RunTime:0.000000s ]
INFO: [ app_init ] --END-- [ RunTime:0.001000s ]
INFO: [ app_begin ] --START--
INFO: Run Behavior\ReadHtmlCacheBehavior [ RunTime:0.001000s ]
INFO: [ app_begin ] --END-- [ RunTime:0.001000s ]
INFO: [ view_parse ] --START--
INFO: [ template_filter ] --START--
INFO: Run Behavior\ContentReplaceBehavior [ RunTime:0.000000s ]
INFO: [ template_filter ] --END-- [ RunTime:0.000000s ]
INFO: Run Behavior\ParseTemplateBehavior [ RunTime:0.004000s ]
INFO: [ view_parse ] --END-- [ RunTime:0.004000s ]
INFO: [ view_filter ] --START--
INFO: Run Behavior\WriteHtmlCacheBehavior [ RunTime:0.001000s ]
INFO: [ view_filter ] --END-- [ RunTime:0.001000s ]
INFO: [ app_end ] --START--
INFO: Run Behavior\ShowPageTraceBehavior [ RunTime:0.000000s ]
INFO: [ app_end ] --END-- [ RunTime:0.000000s ]

[ 2018-08-09T14:55:08+08:00 ] 127.0.0.1 /index.php/Admin/login/verify_code.html
INFO: [ app_init ] --START--
INFO: Run Behavior\BuildLiteBehavior [ RunTime:0.000000s ]
INFO: [ app_init ] --END-- [ RunTime:0.000000s ]
INFO: [ app_begin ] --START--
INFO: Run Behavior\ReadHtmlCacheBehavior [ RunTime:0.001000s ]
INFO: [ app_begin ] --END-- [ RunTime:0.001000s ]
INFO: [ app_end ] --START--
INFO: Run Behavior\ShowPageTraceBehavior [ RunTime:0.000000s ]
INFO: [ app_end ] --END-- [ RunTime:0.000000s ]

[ 2018-08-09T14:55:42+08:00 ] 127.0.0.1 /index.php/Admin/login/check.html
INFO: [ app_init ] --START--
INFO: Run Behavior\BuildLiteBehavior [ RunTime:0.000000s ]
INFO: [ app_init ] --END-- [ RunTime:0.001000s ]
INFO: [ app_begin ] --START--
INFO: Run Behavior\ReadHtmlCacheBehavior [ RunTime:0.000000s ]
INFO: [ app_begin ] --END-- [ RunTime:0.000000s ]

[ 2018-08-09T14:55:46+08:00 ] 127.0.0.1 /index.php/Admin/login/verify_code.html
INFO: [ app_init ] --START--
INFO: Run Behavior\BuildLiteBehavior [ RunTime:0.000000s ]
INFO: [ app_init ] --END-- [ RunTime:0.001000s ]
INFO: [ app_begin ] --START--
INFO: Run Behavior\ReadHtmlCacheBehavior [ RunTime:0.000000s ]
INFO: [ app_begin ] --END-- [ RunTime:0.001000s ]
INFO: [ app_end ] --START--
INFO: Run Behavior\ShowPageTraceBehavior [ RunTime:0.000000s ]
INFO: [ app_end ] --END-- [ RunTime:0.000000s ]

[ 2018-08-09T14:55:53+08:00 ] 127.0.0.1 /index.php/Admin/login/check.html
INFO: [ app_init ] --START--
INFO: Run Behavior\BuildLiteBehavior [ RunTime:0.000000s ]
INFO: [ app_init ] --END-- [ RunTime:0.000000s ]
INFO: [ app_begin ] --START--
INFO: Run Behavior\ReadHtmlCacheBehavior [ RunTime:0.001000s ]
INFO: [ app_begin ] --END-- [ RunTime:0.001000s ]
SQL: SHOW COLUMNS FROM `yz_admin` [ RunTime:0.0280s ]
SQL: SHOW COLUMNS FROM `yz_admin` [ RunTime:0.0090s ]
SQL: SELECT * FROM `yz_admin` WHERE `username` = 'admin' LIMIT 1   [ RunTime:0.0100s ]

[ 2018-08-09T14:55:57+08:00 ] 127.0.0.1 /index.php/Admin/index/index.html
INFO: [ app_init ] --START--
INFO: Run Behavior\BuildLiteBehavior [ RunTime:0.000000s ]
INFO: [ app_init ] --END-- [ RunTime:0.000000s ]
INFO: [ app_begin ] --START--
INFO: Run Behavior\ReadHtmlCacheBehavior [ RunTime:0.000000s ]
INFO: [ app_begin ] --END-- [ RunTime:0.000000s ]
INFO: [ view_parse ] --START--
INFO: [ template_filter ] --START--
INFO: Run Behavior\ContentReplaceBehavior [ RunTime:0.000000s ]
INFO: [ template_filter ] --END-- [ RunTime:0.000000s ]
INFO: Run Behavior\ParseTemplateBehavior [ RunTime:0.005000s ]
INFO: [ view_parse ] --END-- [ RunTime:0.005000s ]
INFO: [ view_filter ] --START--
INFO: Run Behavior\WriteHtmlCacheBehavior [ RunTime:0.000000s ]
INFO: [ view_filter ] --END-- [ RunTime:0.000000s ]
INFO: [ app_end ] --START--
INFO: Run Behavior\ShowPageTraceBehavior [ RunTime:0.001000s ]
INFO: [ app_end ] --END-- [ RunTime:0.001000s ]

[ 2018-08-09T14:55:57+08:00 ] 127.0.0.1 /index.php/Admin/Index/welcome.html
INFO: [ app_init ] --START--
INFO: Run Behavior\BuildLiteBehavior [ RunTime:0.000000s ]
INFO: [ app_init ] --END-- [ RunTime:0.000000s ]
INFO: [ app_begin ] --START--
INFO: Run Behavior\ReadHtmlCacheBehavior [ RunTime:0.000000s ]
INFO: [ app_begin ] --END-- [ RunTime:0.001000s ]
INFO: [ view_parse ] --START--
INFO: [ template_filter ] --START--
INFO: Run Behavior\ContentReplaceBehavior [ RunTime:0.000000s ]
INFO: [ template_filter ] --END-- [ RunTime:0.000000s ]
INFO: Run Behavior\ParseTemplateBehavior [ RunTime:0.006000s ]
INFO: [ view_parse ] --END-- [ RunTime:0.006000s ]
INFO: [ view_filter ] --START--
INFO: Run Behavior\WriteHtmlCacheBehavior [ RunTime:0.001000s ]
INFO: [ view_filter ] --END-- [ RunTime:0.001000s ]
INFO: [ app_end ] --START--
INFO: Run Behavior\ShowPageTraceBehavior [ RunTime:0.000000s ]
INFO: [ app_end ] --END-- [ RunTime:0.000000s ]

[ 2018-08-09T14:56:07+08:00 ] 127.0.0.1 /index.php/Admin/Index/getEntrustCount.html
INFO: [ app_init ] --START--
INFO: Run Behavior\BuildLiteBehavior [ RunTime:0.000000s ]
INFO: [ app_init ] --END-- [ RunTime:0.000000s ]
INFO: [ app_begin ] --START--
INFO: Run Behavior\ReadHtmlCacheBehavior [ RunTime:0.001000s ]
INFO: [ app_begin ] --END-- [ RunTime:0.001000s ]
SQL: SHOW COLUMNS FROM `yz_entrust` [ RunTime:0.0350s ]
SQL: SHOW COLUMNS FROM `yz_entrust` [ RunTime:0.0090s ]
SQL: SELECT * FROM `yz_entrust` WHERE ( status = 0 )  [ RunTime:0.0110s ]

[ 2018-08-09T14:56:08+08:00 ] 127.0.0.1 /index.php/Admin/Index/getBespeakCount.html
INFO: [ app_init ] --START--
INFO: Run Behavior\BuildLiteBehavior [ RunTime:0.000000s ]
INFO: [ app_init ] --END-- [ RunTime:0.001000s ]
INFO: [ app_begin ] --START--
INFO: Run Behavior\ReadHtmlCacheBehavior [ RunTime:0.001000s ]
INFO: [ app_begin ] --END-- [ RunTime:0.001000s ]
SQL: SHOW COLUMNS FROM `yz_bespeak` [ RunTime:0.0300s ]
SQL: SHOW COLUMNS FROM `yz_bespeak` [ RunTime:0.0140s ]
SQL: SELECT * FROM `yz_bespeak` WHERE ( status = 0 )  [ RunTime:0.0170s ]

[ 2018-08-09T14:56:17+08:00 ] 127.0.0.1 /index.php/Admin/Index/getEntrustCount.html
INFO: [ app_init ] --START--
INFO: Run Behavior\BuildLiteBehavior [ RunTime:0.000000s ]
INFO: [ app_init ] --END-- [ RunTime:0.000000s ]
INFO: [ app_begin ] --START--
INFO: Run Behavior\ReadHtmlCacheBehavior [ RunTime:0.001000s ]
INFO: [ app_begin ] --END-- [ RunTime:0.001000s ]
SQL: SHOW COLUMNS FROM `yz_entrust` [ RunTime:0.0330s ]
SQL: SHOW COLUMNS FROM `yz_entrust` [ RunTime:0.0100s ]
SQL: SELECT * FROM `yz_entrust` WHERE ( status = 0 )  [ RunTime:0.0110s ]

[ 2018-08-09T14:56:18+08:00 ] 127.0.0.1 /index.php/Admin/Index/getBespeakCount.html
INFO: [ app_init ] --START--
INFO: Run Behavior\BuildLiteBehavior [ RunTime:0.000000s ]
INFO: [ app_init ] --END-- [ RunTime:0.001000s ]
INFO: [ app_begin ] --START--
INFO: Run Behavior\ReadHtmlCacheBehavior [ RunTime:0.000000s ]
INFO: [ app_begin ] --END-- [ RunTime:0.000000s ]
SQL: SHOW COLUMNS FROM `yz_bespeak` [ RunTime:0.0300s ]
SQL: SHOW COLUMNS FROM `yz_bespeak` [ RunTime:0.0110s ]
SQL: SELECT * FROM `yz_bespeak` WHERE ( status = 0 )  [ RunTime:0.0110s ]

[ 2018-08-09T14:56:27+08:00 ] 127.0.0.1 /index.php/Admin/Index/getEntrustCount.html
INFO: [ app_init ] --START--
INFO: Run Behavior\BuildLiteBehavior [ RunTime:0.000000s ]
INFO: [ app_init ] --END-- [ RunTime:0.001000s ]
INFO: [ app_begin ] --START--
INFO: Run Behavior\ReadHtmlCacheBehavior [ RunTime:0.000000s ]
INFO: [ app_begin ] --END-- [ RunTime:0.000000s ]
SQL: SHOW COLUMNS FROM `yz_entrust` [ RunTime:0.0260s ]
SQL: SHOW COLUMNS FROM `yz_entrust` [ RunTime:0.0070s ]
SQL: SELECT * FROM `yz_entrust` WHERE ( status = 0 )  [ RunTime:0.0060s ]

[ 2018-08-09T14:56:28+08:00 ] 127.0.0.1 /index.php/Admin/Index/getBespeakCount.html
INFO: [ app_init ] --START--
INFO: Run Behavior\BuildLiteBehavior [ RunTime:0.000000s ]
INFO: [ app_init ] --END-- [ RunTime:0.000000s ]
INFO: [ app_begin ] --START--
INFO: Run Behavior\ReadHtmlCacheBehavior [ RunTime:0.001000s ]
INFO: [ app_begin ] --END-- [ RunTime:0.001000s ]
SQL: SHOW COLUMNS FROM `yz_bespeak` [ RunTime:0.0300s ]
SQL: SHOW COLUMNS FROM `yz_bespeak` [ RunTime:0.0090s ]
SQL: SELECT * FROM `yz_bespeak` WHERE ( status = 0 )  [ RunTime:0.0100s ]

[ 2018-08-09T14:56:37+08:00 ] 127.0.0.1 /index.php/Admin/Index/getEntrustCount.html
INFO: [ app_init ] --START--
INFO: Run Behavior\BuildLiteBehavior [ RunTime:0.000000s ]
INFO: [ app_init ] --END-- [ RunTime:0.000000s ]
INFO: [ app_begin ] --START--
INFO: Run Behavior\ReadHtmlCacheBehavior [ RunTime:0.000000s ]
INFO: [ app_begin ] --END-- [ RunTime:0.000000s ]
SQL: SHOW COLUMNS FROM `yz_entrust` [ RunTime:0.0260s ]
SQL: SHOW COLUMNS FROM `yz_entrust` [ RunTime:0.0070s ]
SQL: SELECT * FROM `yz_entrust` WHERE ( status = 0 )  [ RunTime:0.0070s ]

[ 2018-08-09T14:56:38+08:00 ] 127.0.0.1 /index.php/Admin/Index/getBespeakCount.html
INFO: [ app_init ] --START--
INFO: Run Behavior\BuildLiteBehavior [ RunTime:0.000000s ]
INFO: [ app_init ] --END-- [ RunTime:0.000000s ]
INFO: [ app_begin ] --START--
INFO: Run Behavior\ReadHtmlCacheBehavior [ RunTime:0.001000s ]
INFO: [ app_begin ] --END-- [ RunTime:0.001000s ]
SQL: SHOW COLUMNS FROM `yz_bespeak` [ RunTime:0.0300s ]
SQL: SHOW COLUMNS FROM `yz_bespeak` [ RunTime:0.0120s ]
SQL: SELECT * FROM `yz_bespeak` WHERE ( status = 0 )  [ RunTime:0.0110s ]

[ 2018-08-09T14:56:47+08:00 ] 127.0.0.1 /index.php/Admin/Index/getBespeakCount.html
INFO: [ app_init ] --START--
INFO: Run Behavior\BuildLiteBehavior [ RunTime:0.000000s ]
INFO: [ app_init ] --END-- [ RunTime:0.001000s ]
INFO: [ app_begin ] --START--
INFO: Run Behavior\ReadHtmlCacheBehavior [ RunTime:0.000000s ]
INFO: [ app_begin ] --END-- [ RunTime:0.000000s ]
SQL: SHOW COLUMNS FROM `yz_bespeak` [ RunTime:0.0310s ]
SQL: SHOW COLUMNS FROM `yz_bespeak` [ RunTime:0.0070s ]
SQL: SELECT * FROM `yz_bespeak` WHERE ( status = 0 )  [ RunTime:0.0060s ]

[ 2018-08-09T14:56:48+08:00 ] 127.0.0.1 /index.php/Admin/Index/getEntrustCount.html
INFO: [ app_init ] --START--
INFO: Run Behavior\BuildLiteBehavior [ RunTime:0.000000s ]
INFO: [ app_init ] --END-- [ RunTime:0.000000s ]
INFO: [ app_begin ] --START--
INFO: Run Behavior\ReadHtmlCacheBehavior [ RunTime:0.001000s ]
INFO: [ app_begin ] --END-- [ RunTime:0.001000s ]
SQL: SHOW COLUMNS FROM `yz_entrust` [ RunTime:0.0290s ]
SQL: SHOW COLUMNS FROM `yz_entrust` [ RunTime:0.0090s ]
SQL: SELECT * FROM `yz_entrust` WHERE ( status = 0 )  [ RunTime:0.0090s ]

[ 2018-08-09T14:56:57+08:00 ] 127.0.0.1 /index.php/Admin/Index/getBespeakCount.html
INFO: [ app_init ] --START--
INFO: Run Behavior\BuildLiteBehavior [ RunTime:0.000000s ]
INFO: [ app_init ] --END-- [ RunTime:0.001000s ]
INFO: [ app_begin ] --START--
INFO: Run Behavior\ReadHtmlCacheBehavior [ RunTime:0.001000s ]
INFO: [ app_begin ] --END-- [ RunTime:0.001000s ]
SQL: SHOW COLUMNS FROM `yz_bespeak` [ RunTime:0.0330s ]
SQL: SHOW COLUMNS FROM `yz_bespeak` [ RunTime:0.0120s ]
SQL: SELECT * FROM `yz_bespeak` WHERE ( status = 0 )  [ RunTime:0.0110s ]

[ 2018-08-09T14:56:58+08:00 ] 127.0.0.1 /index.php/Admin/Index/getEntrustCount.html
INFO: [ app_init ] --START--
INFO: Run Behavior\BuildLiteBehavior [ RunTime:0.000000s ]
INFO: [ app_init ] --END-- [ RunTime:0.001000s ]
INFO: [ app_begin ] --START--
INFO: Run Behavior\ReadHtmlCacheBehavior [ RunTime:0.001000s ]
INFO: [ app_begin ] --END-- [ RunTime:0.001000s ]
SQL: SHOW COLUMNS FROM `yz_entrust` [ RunTime:0.0270s ]
SQL: SHOW COLUMNS FROM `yz_entrust` [ RunTime:0.0070s ]
SQL: SELECT * FROM `yz_entrust` WHERE ( status = 0 )  [ RunTime:0.0050s ]

[ 2018-08-09T14:57:07+08:00 ] 127.0.0.1 /index.php/Admin/Index/getBespeakCount.html
INFO: [ app_init ] --START--
INFO: Run Behavior\BuildLiteBehavior [ RunTime:0.000000s ]
INFO: [ app_init ] --END-- [ RunTime:0.000000s ]
INFO: [ app_begin ] --START--
INFO: Run Behavior\ReadHtmlCacheBehavior [ RunTime:0.000000s ]
INFO: [ app_begin ] --END-- [ RunTime:0.000000s ]
SQL: SHOW COLUMNS FROM `yz_bespeak` [ RunTime:0.0290s ]
SQL: SHOW COLUMNS FROM `yz_bespeak` [ RunTime:0.0090s ]
SQL: SELECT * FROM `yz_bespeak` WHERE ( status = 0 )  [ RunTime:0.0080s ]

[ 2018-08-09T14:57:08+08:00 ] 127.0.0.1 /index.php/Admin/Index/getEntrustCount.html
INFO: [ app_init ] --START--
INFO: Run Behavior\BuildLiteBehavior [ RunTime:0.000000s ]
INFO: [ app_init ] --END-- [ RunTime:0.001000s ]
INFO: [ app_begin ] --START--
INFO: Run Behavior\ReadHtmlCacheBehavior [ RunTime:0.000000s ]
INFO: [ app_begin ] --END-- [ RunTime:0.000000s ]
SQL: SHOW COLUMNS FROM `yz_entrust` [ RunTime:0.0290s ]
SQL: SHOW COLUMNS FROM `yz_entrust` [ RunTime:0.0100s ]
SQL: SELECT * FROM `yz_entrust` WHERE ( status = 0 )  [ RunTime:0.0140s ]

[ 2018-08-09T14:57:17+08:00 ] 127.0.0.1 /index.php/Admin/Index/getEntrustCount.html
INFO: [ app_init ] --START--
INFO: Run Behavior\BuildLiteBehavior [ RunTime:0.000000s ]
INFO: [ app_init ] --END-- [ RunTime:0.001000s ]
INFO: [ app_begin ] --START--
INFO: Run Behavior\ReadHtmlCacheBehavior [ RunTime:0.000000s ]
INFO: [ app_begin ] --END-- [ RunTime:0.000000s ]
SQL: SHOW COLUMNS FROM `yz_entrust` [ RunTime:0.0290s ]
SQL: SHOW COLUMNS FROM `yz_entrust` [ RunTime:0.0090s ]
SQL: SELECT * FROM `yz_entrust` WHERE ( status = 0 )  [ RunTime:0.0090s ]

[ 2018-08-09T14:57:18+08:00 ] 127.0.0.1 /index.php/Admin/Index/getBespeakCount.html
INFO: [ app_init ] --START--
INFO: Run Behavior\BuildLiteBehavior [ RunTime:0.000000s ]
INFO: [ app_init ] --END-- [ RunTime:0.001000s ]
INFO: [ app_begin ] --START--
INFO: Run Behavior\ReadHtmlCacheBehavior [ RunTime:0.000000s ]
INFO: [ app_begin ] --END-- [ RunTime:0.001000s ]
SQL: SHOW COLUMNS FROM `yz_bespeak` [ RunTime:0.0270s ]
SQL: SHOW COLUMNS FROM `yz_bespeak` [ RunTime:0.0070s ]
SQL: SELECT * FROM `yz_bespeak` WHERE ( status = 0 )  [ RunTime:0.0070s ]

[ 2018-08-09T14:57:27+08:00 ] 127.0.0.1 /index.php/Admin/Index/getBespeakCount.html
INFO: [ app_init ] --START--
INFO: Run Behavior\BuildLiteBehavior [ RunTime:0.000000s ]
INFO: [ app_init ] --END-- [ RunTime:0.001000s ]
INFO: [ app_begin ] --START--
INFO: Run Behavior\ReadHtmlCacheBehavior [ RunTime:0.001000s ]
INFO: [ app_begin ] --END-- [ RunTime:0.001000s ]
SQL: SHOW COLUMNS FROM `yz_bespeak` [ RunTime:0.0290s ]
SQL: SHOW COLUMNS FROM `yz_bespeak` [ RunTime:0.0140s ]
SQL: SELECT * FROM `yz_bespeak` WHERE ( status = 0 )  [ RunTime:0.0110s ]

[ 2018-08-09T14:57:28+08:00 ] 127.0.0.1 /index.php/Admin/Index/getEntrustCount.html
INFO: [ app_init ] --START--
INFO: Run Behavior\BuildLiteBehavior [ RunTime:0.000000s ]
INFO: [ app_init ] --END-- [ RunTime:0.001000s ]
INFO: [ app_begin ] --START--
INFO: Run Behavior\ReadHtmlCacheBehavior [ RunTime:0.001000s ]
INFO: [ app_begin ] --END-- [ RunTime:0.001000s ]
SQL: SHOW COLUMNS FROM `yz_entrust` [ RunTime:0.0290s ]
SQL: SHOW COLUMNS FROM `yz_entrust` [ RunTime:0.0080s ]
SQL: SELECT * FROM `yz_entrust` WHERE ( status = 0 )  [ RunTime:0.0090s ]

[ 2018-08-09T14:57:37+08:00 ] 127.0.0.1 /index.php/Admin/Index/getBespeakCount.html
INFO: [ app_init ] --START--
INFO: Run Behavior\BuildLiteBehavior [ RunTime:0.000000s ]
INFO: [ app_init ] --END-- [ RunTime:0.000000s ]
INFO: [ app_begin ] --START--
INFO: Run Behavior\ReadHtmlCacheBehavior [ RunTime:0.000000s ]
INFO: [ app_begin ] --END-- [ RunTime:0.000000s ]
SQL: SHOW COLUMNS FROM `yz_bespeak` [ RunTime:0.0290s ]
SQL: SHOW COLUMNS FROM `yz_bespeak` [ RunTime:0.0120s ]
SQL: SELECT * FROM `yz_bespeak` WHERE ( status = 0 )  [ RunTime:0.0090s ]

[ 2018-08-09T14:57:38+08:00 ] 127.0.0.1 /index.php/Admin/Index/getEntrustCount.html
INFO: [ app_init ] --START--
INFO: Run Behavior\BuildLiteBehavior [ RunTime:0.000000s ]
INFO: [ app_init ] --END-- [ RunTime:0.001000s ]
INFO: [ app_begin ] --START--
INFO: Run Behavior\ReadHtmlCacheBehavior [ RunTime:0.001000s ]
INFO: [ app_begin ] --END-- [ RunTime:0.001000s ]
SQL: SHOW COLUMNS FROM `yz_entrust` [ RunTime:0.0330s ]
SQL: SHOW COLUMNS FROM `yz_entrust` [ RunTime:0.0130s ]
SQL: SELECT * FROM `yz_entrust` WHERE ( status = 0 )  [ RunTime:0.0130s ]

[ 2018-08-09T14:57:47+08:00 ] 127.0.0.1 /index.php/Admin/Index/getEntrustCount.html
INFO: [ app_init ] --START--
INFO: Run Behavior\BuildLiteBehavior [ RunTime:0.000000s ]
INFO: [ app_init ] --END-- [ RunTime:0.001000s ]
INFO: [ app_begin ] --START--
INFO: Run Behavior\ReadHtmlCacheBehavior [ RunTime:0.005000s ]
INFO: [ app_begin ] --END-- [ RunTime:0.005000s ]
SQL: SHOW COLUMNS FROM `yz_entrust` [ RunTime:0.0310s ]
SQL: SHOW COLUMNS FROM `yz_entrust` [ RunTime:0.0100s ]
SQL: SELECT * FROM `yz_entrust` WHERE ( status = 0 )  [ RunTime:0.0100s ]

[ 2018-08-09T14:57:48+08:00 ] 127.0.0.1 /index.php/Admin/Index/getBespeakCount.html
INFO: [ app_init ] --START--
INFO: Run Behavior\BuildLiteBehavior [ RunTime:0.000000s ]
INFO: [ app_init ] --END-- [ RunTime:0.001000s ]
INFO: [ app_begin ] --START--
INFO: Run Behavior\ReadHtmlCacheBehavior [ RunTime:0.000000s ]
INFO: [ app_begin ] --END-- [ RunTime:0.000000s ]
SQL: SHOW COLUMNS FROM `yz_bespeak` [ RunTime:0.0310s ]
SQL: SHOW COLUMNS FROM `yz_bespeak` [ RunTime:0.0110s ]
SQL: SELECT * FROM `yz_bespeak` WHERE ( status = 0 )  [ RunTime:0.0120s ]

[ 2018-08-09T14:57:57+08:00 ] 127.0.0.1 /index.php/Admin/Index/getEntrustCount.html
INFO: [ app_init ] --START--
INFO: Run Behavior\BuildLiteBehavior [ RunTime:0.000000s ]
INFO: [ app_init ] --END-- [ RunTime:0.001000s ]
INFO: [ app_begin ] --START--
INFO: Run Behavior\ReadHtmlCacheBehavior [ RunTime:0.001000s ]
INFO: [ app_begin ] --END-- [ RunTime:0.001000s ]
SQL: SHOW COLUMNS FROM `yz_entrust` [ RunTime:0.0330s ]
SQL: SHOW COLUMNS FROM `yz_entrust` [ RunTime:0.0100s ]
SQL: SELECT * FROM `yz_entrust` WHERE ( status = 0 )  [ RunTime:0.0090s ]

[ 2018-08-09T14:57:58+08:00 ] 127.0.0.1 /index.php/Admin/Index/getBespeakCount.html
INFO: [ app_init ] --START--
INFO: Run Behavior\BuildLiteBehavior [ RunTime:0.000000s ]
INFO: [ app_init ] --END-- [ RunTime:0.001000s ]
INFO: [ app_begin ] --START--
INFO: Run Behavior\ReadHtmlCacheBehavior [ RunTime:0.001000s ]
INFO: [ app_begin ] --END-- [ RunTime:0.001000s ]
SQL: SHOW COLUMNS FROM `yz_bespeak` [ RunTime:0.0260s ]
SQL: SHOW COLUMNS FROM `yz_bespeak` [ RunTime:0.0070s ]
SQL: SELECT * FROM `yz_bespeak` WHERE ( status = 0 )  [ RunTime:0.0070s ]

[ 2018-08-09T14:58:07+08:00 ] 127.0.0.1 /index.php/Admin/Index/getEntrustCount.html
INFO: [ app_init ] --START--
INFO: Run Behavior\BuildLiteBehavior [ RunTime:0.000000s ]
INFO: [ app_init ] --END-- [ RunTime:0.000000s ]
INFO: [ app_begin ] --START--
INFO: Run Behavior\ReadHtmlCacheBehavior [ RunTime:0.001000s ]
INFO: [ app_begin ] --END-- [ RunTime:0.001000s ]
SQL: SHOW COLUMNS FROM `yz_entrust` [ RunTime:0.0260s ]
SQL: SHOW COLUMNS FROM `yz_entrust` [ RunTime:0.0070s ]
SQL: SELECT * FROM `yz_entrust` WHERE ( status = 0 )  [ RunTime:0.0080s ]

[ 2018-08-09T14:58:08+08:00 ] 127.0.0.1 /index.php/Admin/Index/getBespeakCount.html
INFO: [ app_init ] --START--
INFO: Run Behavior\BuildLiteBehavior [ RunTime:0.000000s ]
INFO: [ app_init ] --END-- [ RunTime:0.001000s ]
INFO: [ app_begin ] --START--
INFO: Run Behavior\ReadHtmlCacheBehavior [ RunTime:0.001000s ]
INFO: [ app_begin ] --END-- [ RunTime:0.001000s ]
SQL: SHOW COLUMNS FROM `yz_bespeak` [ RunTime:0.0260s ]
SQL: SHOW COLUMNS FROM `yz_bespeak` [ RunTime:0.0070s ]
SQL: SELECT * FROM `yz_bespeak` WHERE ( status = 0 )  [ RunTime:0.0070s ]

[ 2018-08-09T14:58:17+08:00 ] 127.0.0.1 /index.php/Admin/Index/getBespeakCount.html
INFO: [ app_init ] --START--
INFO: Run Behavior\BuildLiteBehavior [ RunTime:0.000000s ]
INFO: [ app_init ] --END-- [ RunTime:0.001000s ]
INFO: [ app_begin ] --START--
INFO: Run Behavior\ReadHtmlCacheBehavior [ RunTime:0.001000s ]
INFO: [ app_begin ] --END-- [ RunTime:0.001000s ]
SQL: SHOW COLUMNS FROM `yz_bespeak` [ RunTime:0.0270s ]
SQL: SHOW COLUMNS FROM `yz_bespeak` [ RunTime:0.0070s ]
SQL: SELECT * FROM `yz_bespeak` WHERE ( status = 0 )  [ RunTime:0.0070s ]

[ 2018-08-09T14:58:18+08:00 ] 127.0.0.1 /index.php/Admin/Index/getEntrustCount.html
INFO: [ app_init ] --START--
INFO: Run Behavior\BuildLiteBehavior [ RunTime:0.000000s ]
INFO: [ app_init ] --END-- [ RunTime:0.001000s ]
INFO: [ app_begin ] --START--
INFO: Run Behavior\ReadHtmlCacheBehavior [ RunTime:0.001000s ]
INFO: [ app_begin ] --END-- [ RunTime:0.001000s ]
SQL: SHOW COLUMNS FROM `yz_entrust` [ RunTime:0.0290s ]
SQL: SHOW COLUMNS FROM `yz_entrust` [ RunTime:0.0090s ]
SQL: SELECT * FROM `yz_entrust` WHERE ( status = 0 )  [ RunTime:0.0100s ]

[ 2018-08-09T14:58:27+08:00 ] 127.0.0.1 /index.php/Admin/Index/getBespeakCount.html
INFO: [ app_init ] --START--
INFO: Run Behavior\BuildLiteBehavior [ RunTime:0.000000s ]
INFO: [ app_init ] --END-- [ RunTime:0.001000s ]
INFO: [ app_begin ] --START--
INFO: Run Behavior\ReadHtmlCacheBehavior [ RunTime:0.000000s ]
INFO: [ app_begin ] --END-- [ RunTime:0.001000s ]
SQL: SHOW COLUMNS FROM `yz_bespeak` [ RunTime:0.0320s ]
SQL: SHOW COLUMNS FROM `yz_bespeak` [ RunTime:0.0130s ]
SQL: SELECT * FROM `yz_bespeak` WHERE ( status = 0 )  [ RunTime:0.0120s ]

[ 2018-08-09T14:58:27+08:00 ] 127.0.0.1 /index.php/Admin/Index/getEntrustCount.html
INFO: [ app_init ] --START--
INFO: Run Behavior\BuildLiteBehavior [ RunTime:0.000000s ]
INFO: [ app_init ] --END-- [ RunTime:0.001000s ]
INFO: [ app_begin ] --START--
INFO: Run Behavior\ReadHtmlCacheBehavior [ RunTime:0.000000s ]
INFO: [ app_begin ] --END-- [ RunTime:0.000000s ]
SQL: SHOW COLUMNS FROM `yz_entrust` [ RunTime:0.0280s ]
SQL: SHOW COLUMNS FROM `yz_entrust` [ RunTime:0.0070s ]
SQL: SELECT * FROM `yz_entrust` WHERE ( status = 0 )  [ RunTime:0.0070s ]

[ 2018-08-09T14:58:37+08:00 ] 127.0.0.1 /index.php/Admin/Index/getBespeakCount.html
INFO: [ app_init ] --START--
INFO: Run Behavior\BuildLiteBehavior [ RunTime:0.000000s ]
INFO: [ app_init ] --END-- [ RunTime:0.001000s ]
INFO: [ app_begin ] --START--
INFO: Run Behavior\ReadHtmlCacheBehavior [ RunTime:0.000000s ]
INFO: [ app_begin ] --END-- [ RunTime:0.000000s ]
SQL: SHOW COLUMNS FROM `yz_bespeak` [ RunTime:0.0360s ]
SQL: SHOW COLUMNS FROM `yz_bespeak` [ RunTime:0.0120s ]
SQL: SELECT * FROM `yz_bespeak` WHERE ( status = 0 )  [ RunTime:0.0120s ]

[ 2018-08-09T14:58:37+08:00 ] 127.0.0.1 /index.php/Admin/Index/getEntrustCount.html
INFO: [ app_init ] --START--
INFO: Run Behavior\BuildLiteBehavior [ RunTime:0.000000s ]
INFO: [ app_init ] --END-- [ RunTime:0.001000s ]
INFO: [ app_begin ] --START--
INFO: Run Behavior\ReadHtmlCacheBehavior [ RunTime:0.001000s ]
INFO: [ app_begin ] --END-- [ RunTime:0.001000s ]
SQL: SHOW COLUMNS FROM `yz_entrust` [ RunTime:0.0300s ]
SQL: SHOW COLUMNS FROM `yz_entrust` [ RunTime:0.0090s ]
SQL: SELECT * FROM `yz_entrust` WHERE ( status = 0 )  [ RunTime:0.0090s ]

[ 2018-08-09T14:58:47+08:00 ] 127.0.0.1 /index.php/Admin/Index/getBespeakCount.html
INFO: [ app_init ] --START--
INFO: Run Behavior\BuildLiteBehavior [ RunTime:0.000000s ]
INFO: [ app_init ] --END-- [ RunTime:0.000000s ]
INFO: [ app_begin ] --START--
INFO: Run Behavior\ReadHtmlCacheBehavior [ RunTime:0.000000s ]
INFO: [ app_begin ] --END-- [ RunTime:0.000000s ]
SQL: SHOW COLUMNS FROM `yz_bespeak` [ RunTime:0.0270s ]
SQL: SHOW COLUMNS FROM `yz_bespeak` [ RunTime:0.0070s ]
SQL: SELECT * FROM `yz_bespeak` WHERE ( status = 0 )  [ RunTime:0.0070s ]

[ 2018-08-09T14:58:47+08:00 ] 127.0.0.1 /index.php/Admin/Index/getEntrustCount.html
INFO: [ app_init ] --START--
INFO: Run Behavior\BuildLiteBehavior [ RunTime:0.000000s ]
INFO: [ app_init ] --END-- [ RunTime:0.000000s ]
INFO: [ app_begin ] --START--
INFO: Run Behavior\ReadHtmlCacheBehavior [ RunTime:0.000000s ]
INFO: [ app_begin ] --END-- [ RunTime:0.000000s ]
SQL: SHOW COLUMNS FROM `yz_entrust` [ RunTime:0.0400s ]
SQL: SHOW COLUMNS FROM `yz_entrust` [ RunTime:0.0140s ]
SQL: SELECT * FROM `yz_entrust` WHERE ( status = 0 )  [ RunTime:0.0120s ]

[ 2018-08-09T14:58:57+08:00 ] 127.0.0.1 /index.php/Admin/Index/getBespeakCount.html
INFO: [ app_init ] --START--
INFO: Run Behavior\BuildLiteBehavior [ RunTime:0.000000s ]
INFO: [ app_init ] --END-- [ RunTime:0.000000s ]
INFO: [ app_begin ] --START--
INFO: Run Behavior\ReadHtmlCacheBehavior [ RunTime:0.000000s ]
INFO: [ app_begin ] --END-- [ RunTime:0.000000s ]
SQL: SHOW COLUMNS FROM `yz_bespeak` [ RunTime:0.0280s ]
SQL: SHOW COLUMNS FROM `yz_bespeak` [ RunTime:0.0090s ]
SQL: SELECT * FROM `yz_bespeak` WHERE ( status = 0 )  [ RunTime:0.0090s ]

[ 2018-08-09T14:58:57+08:00 ] 127.0.0.1 /index.php/Admin/Index/getEntrustCount.html
INFO: [ app_init ] --START--
INFO: Run Behavior\BuildLiteBehavior [ RunTime:0.000000s ]
INFO: [ app_init ] --END-- [ RunTime:0.000000s ]
INFO: [ app_begin ] --START--
INFO: Run Behavior\ReadHtmlCacheBehavior [ RunTime:0.000000s ]
INFO: [ app_begin ] --END-- [ RunTime:0.000000s ]
SQL: SHOW COLUMNS FROM `yz_entrust` [ RunTime:0.0330s ]
SQL: SHOW COLUMNS FROM `yz_entrust` [ RunTime:0.0140s ]
SQL: SELECT * FROM `yz_entrust` WHERE ( status = 0 )  [ RunTime:0.0140s ]

[ 2018-08-09T14:59:07+08:00 ] 127.0.0.1 /index.php/Admin/Index/getBespeakCount.html
INFO: [ app_init ] --START--
INFO: Run Behavior\BuildLiteBehavior [ RunTime:0.000000s ]
INFO: [ app_init ] --END-- [ RunTime:0.001000s ]
INFO: [ app_begin ] --START--
INFO: Run Behavior\ReadHtmlCacheBehavior [ RunTime:0.001000s ]
INFO: [ app_begin ] --END-- [ RunTime:0.001000s ]
SQL: SHOW COLUMNS FROM `yz_bespeak` [ RunTime:0.0290s ]
SQL: SHOW COLUMNS FROM `yz_bespeak` [ RunTime:0.0220s ]
SQL: SELECT * FROM `yz_bespeak` WHERE ( status = 0 )  [ RunTime:0.0070s ]

[ 2018-08-09T14:59:07+08:00 ] 127.0.0.1 /index.php/Admin/Index/getEntrustCount.html
INFO: [ app_init ] --START--
INFO: Run Behavior\BuildLiteBehavior [ RunTime:0.000000s ]
INFO: [ app_init ] --END-- [ RunTime:0.001000s ]
INFO: [ app_begin ] --START--
INFO: Run Behavior\ReadHtmlCacheBehavior [ RunTime:0.000000s ]
INFO: [ app_begin ] --END-- [ RunTime:0.000000s ]
SQL: SHOW COLUMNS FROM `yz_entrust` [ RunTime:0.0270s ]
SQL: SHOW COLUMNS FROM `yz_entrust` [ RunTime:0.0100s ]
SQL: SELECT * FROM `yz_entrust` WHERE ( status = 0 )  [ RunTime:0.0080s ]

[ 2018-08-09T14:59:17+08:00 ] 127.0.0.1 /index.php/Admin/Index/getEntrustCount.html
INFO: [ app_init ] --START--
INFO: Run Behavior\BuildLiteBehavior [ RunTime:0.000000s ]
INFO: [ app_init ] --END-- [ RunTime:0.000000s ]
INFO: [ app_begin ] --START--
INFO: Run Behavior\ReadHtmlCacheBehavior [ RunTime:0.001000s ]
INFO: [ app_begin ] --END-- [ RunTime:0.001000s ]
SQL: SHOW COLUMNS FROM `yz_entrust` [ RunTime:0.0300s ]
SQL: SHOW COLUMNS FROM `yz_entrust` [ RunTime:0.0100s ]
SQL: SELECT * FROM `yz_entrust` WHERE ( status = 0 )  [ RunTime:0.0100s ]

[ 2018-08-09T14:59:17+08:00 ] 127.0.0.1 /index.php/Admin/Index/getBespeakCount.html
INFO: [ app_init ] --START--
INFO: Run Behavior\BuildLiteBehavior [ RunTime:0.000000s ]
INFO: [ app_init ] --END-- [ RunTime:0.000000s ]
INFO: [ app_begin ] --START--
INFO: Run Behavior\ReadHtmlCacheBehavior [ RunTime:0.000000s ]
INFO: [ app_begin ] --END-- [ RunTime:0.000000s ]
SQL: SHOW COLUMNS FROM `yz_bespeak` [ RunTime:0.0360s ]
SQL: SHOW COLUMNS FROM `yz_bespeak` [ RunTime:0.0120s ]
SQL: SELECT * FROM `yz_bespeak` WHERE ( status = 0 )  [ RunTime:0.0130s ]

[ 2018-08-09T14:59:27+08:00 ] 127.0.0.1 /index.php/Admin/Index/getEntrustCount.html
INFO: [ app_init ] --START--
INFO: Run Behavior\BuildLiteBehavior [ RunTime:0.000000s ]
INFO: [ app_init ] --END-- [ RunTime:0.000000s ]
INFO: [ app_begin ] --START--
INFO: Run Behavior\ReadHtmlCacheBehavior [ RunTime:0.001000s ]
INFO: [ app_begin ] --END-- [ RunTime:0.001000s ]
SQL: SHOW COLUMNS FROM `yz_entrust` [ RunTime:0.0320s ]
SQL: SHOW COLUMNS FROM `yz_entrust` [ RunTime:0.0120s ]
SQL: SELECT * FROM `yz_entrust` WHERE ( status = 0 )  [ RunTime:0.0120s ]

[ 2018-08-09T14:59:27+08:00 ] 127.0.0.1 /index.php/Admin/Index/getBespeakCount.html
INFO: [ app_init ] --START--
INFO: Run Behavior\BuildLiteBehavior [ RunTime:0.000000s ]
INFO: [ app_init ] --END-- [ RunTime:0.001000s ]
INFO: [ app_begin ] --START--
INFO: Run Behavior\ReadHtmlCacheBehavior [ RunTime:0.001000s ]
INFO: [ app_begin ] --END-- [ RunTime:0.001000s ]
SQL: SHOW COLUMNS FROM `yz_bespeak` [ RunTime:0.0290s ]
SQL: SHOW COLUMNS FROM `yz_bespeak` [ RunTime:0.0100s ]
SQL: SELECT * FROM `yz_bespeak` WHERE ( status = 0 )  [ RunTime:0.0120s ]

[ 2018-08-09T14:59:37+08:00 ] 127.0.0.1 /index.php/Admin/Index/getEntrustCount.html
INFO: [ app_init ] --START--
INFO: Run Behavior\BuildLiteBehavior [ RunTime:0.000000s ]
INFO: [ app_init ] --END-- [ RunTime:0.000000s ]
INFO: [ app_begin ] --START--
INFO: Run Behavior\ReadHtmlCacheBehavior [ RunTime:0.000000s ]
INFO: [ app_begin ] --END-- [ RunTime:0.000000s ]
SQL: SHOW COLUMNS FROM `yz_entrust` [ RunTime:0.0270s ]
SQL: SHOW COLUMNS FROM `yz_entrust` [ RunTime:0.0090s ]
SQL: SELECT * FROM `yz_entrust` WHERE ( status = 0 )  [ RunTime:0.0070s ]

[ 2018-08-09T14:59:37+08:00 ] 127.0.0.1 /index.php/Admin/Index/getBespeakCount.html
INFO: [ app_init ] --START--
INFO: Run Behavior\BuildLiteBehavior [ RunTime:0.000000s ]
INFO: [ app_init ] --END-- [ RunTime:0.001000s ]
INFO: [ app_begin ] --START--
INFO: Run Behavior\ReadHtmlCacheBehavior [ RunTime:0.001000s ]
INFO: [ app_begin ] --END-- [ RunTime:0.001000s ]
SQL: SHOW COLUMNS FROM `yz_bespeak` [ RunTime:0.0350s ]
SQL: SHOW COLUMNS FROM `yz_bespeak` [ RunTime:0.0130s ]
SQL: SELECT * FROM `yz_bespeak` WHERE ( status = 0 )  [ RunTime:0.0140s ]

[ 2018-08-09T14:59:47+08:00 ] 127.0.0.1 /index.php/Admin/Index/getBespeakCount.html
INFO: [ app_init ] --START--
INFO: Run Behavior\BuildLiteBehavior [ RunTime:0.000000s ]
INFO: [ app_init ] --END-- [ RunTime:0.000000s ]
INFO: [ app_begin ] --START--
INFO: Run Behavior\ReadHtmlCacheBehavior [ RunTime:0.000000s ]
INFO: [ app_begin ] --END-- [ RunTime:0.000000s ]
SQL: SHOW COLUMNS FROM `yz_bespeak` [ RunTime:0.0290s ]
SQL: SHOW COLUMNS FROM `yz_bespeak` [ RunTime:0.0090s ]
SQL: SELECT * FROM `yz_bespeak` WHERE ( status = 0 )  [ RunTime:0.0090s ]

[ 2018-08-09T14:59:47+08:00 ] 127.0.0.1 /index.php/Admin/Index/getEntrustCount.html
INFO: [ app_init ] --START--
INFO: Run Behavior\BuildLiteBehavior [ RunTime:0.000000s ]
INFO: [ app_init ] --END-- [ RunTime:0.000000s ]
INFO: [ app_begin ] --START--
INFO: Run Behavior\ReadHtmlCacheBehavior [ RunTime:0.001000s ]
INFO: [ app_begin ] --END-- [ RunTime:0.001000s ]
SQL: SHOW COLUMNS FROM `yz_entrust` [ RunTime:0.0330s ]
SQL: SHOW COLUMNS FROM `yz_entrust` [ RunTime:0.0090s ]
SQL: SELECT * FROM `yz_entrust` WHERE ( status = 0 )  [ RunTime:0.0140s ]

[ 2018-08-09T14:59:57+08:00 ] 127.0.0.1 /index.php/Admin/Index/getEntrustCount.html
INFO: [ app_init ] --START--
INFO: Run Behavior\BuildLiteBehavior [ RunTime:0.000000s ]
INFO: [ app_init ] --END-- [ RunTime:0.000000s ]
INFO: [ app_begin ] --START--
INFO: Run Behavior\ReadHtmlCacheBehavior [ RunTime:0.000000s ]
INFO: [ app_begin ] --END-- [ RunTime:0.000000s ]
SQL: SHOW COLUMNS FROM `yz_entrust` [ RunTime:0.0280s ]
SQL: SHOW COLUMNS FROM `yz_entrust` [ RunTime:0.0080s ]
SQL: SELECT * FROM `yz_entrust` WHERE ( status = 0 )  [ RunTime:0.0070s ]

[ 2018-08-09T14:59:57+08:00 ] 127.0.0.1 /index.php/Admin/Index/getBespeakCount.html
INFO: [ app_init ] --START--
INFO: Run Behavior\BuildLiteBehavior [ RunTime:0.000000s ]
INFO: [ app_init ] --END-- [ RunTime:0.000000s ]
INFO: [ app_begin ] --START--
INFO: Run Behavior\ReadHtmlCacheBehavior [ RunTime:0.001000s ]
INFO: [ app_begin ] --END-- [ RunTime:0.001000s ]
SQL: SHOW COLUMNS FROM `yz_bespeak` [ RunTime:0.0290s ]
SQL: SHOW COLUMNS FROM `yz_bespeak` [ RunTime:0.0120s ]
SQL: SELECT * FROM `yz_bespeak` WHERE ( status = 0 )  [ RunTime:0.0100s ]

[ 2018-08-09T15:00:17+08:00 ] 127.0.0.1 /index.php/Admin/Index/getEntrustCount.html
INFO: [ app_init ] --START--
INFO: Run Behavior\BuildLiteBehavior [ RunTime:0.000000s ]
INFO: [ app_init ] --END-- [ RunTime:0.000000s ]
INFO: [ app_begin ] --START--
INFO: Run Behavior\ReadHtmlCacheBehavior [ RunTime:0.000000s ]
INFO: [ app_begin ] --END-- [ RunTime:0.000000s ]
SQL: SHOW COLUMNS FROM `yz_entrust` [ RunTime:0.0320s ]
SQL: SHOW COLUMNS FROM `yz_entrust` [ RunTime:0.0130s ]
SQL: SELECT * FROM `yz_entrust` WHERE ( status = 0 )  [ RunTime:0.0140s ]

