[ 2018-08-04T14:06:52+08:00 ] ::1 /admin/test/index
INFO: [ app_init ] --START--
INFO: Run Behavior\BuildLiteBehavior [ RunTime:0.000012s ]
INFO: [ app_init ] --END-- [ RunTime:0.000530s ]
INFO: [ app_begin ] --START--
INFO: Run Behavior\ReadHtmlCacheBehavior [ RunTime:0.000708s ]
INFO: [ app_begin ] --END-- [ RunTime:0.000756s ]
SQL: SHOW COLUMNS FROM `yz_news` [ RunTime:0.0079s ]
SQL: SHOW COLUMNS FROM `yz_news` [ RunTime:0.0187s ]
SQL: SELECT a.id,a.news_title,b.title,a.img_url,a.status,a.time,a.keyword,a.describe FROM yz_news as a INNER JOIN yz_news_type b on a.news_type_id = b.id  WHERE ( status = 1 ) ORDER BY time desc  [ RunTime:0.0092s ]
INFO: [ app_end ] --START--
INFO: Run Behavior\ShowPageTraceBehavior [ RunTime:0.005308s ]
INFO: [ app_end ] --END-- [ RunTime:0.005456s ]

[ 2018-08-04T14:12:18+08:00 ] ::1 /admin/test/index
INFO: [ app_init ] --START--
INFO: Run Behavior\BuildLiteBehavior [ RunTime:0.000014s ]
INFO: [ app_init ] --END-- [ RunTime:0.000738s ]
INFO: [ app_begin ] --START--
INFO: Run Behavior\ReadHtmlCacheBehavior [ RunTime:0.000849s ]
INFO: [ app_begin ] --END-- [ RunTime:0.000901s ]
SQL: SHOW COLUMNS FROM `yz_news` [ RunTime:0.0121s ]
SQL: SHOW COLUMNS FROM `yz_news` [ RunTime:0.0082s ]
SQL: SELECT a.id,a.news_title,b.title,a.img_url,a.status,a.time,a.keyword,a.describe FROM yz_news as a INNER JOIN yz_news_type b on a.news_type_id = b.id  WHERE ( status = 1 ) ORDER BY time desc  [ RunTime:0.0122s ]
INFO: [ app_end ] --START--
INFO: Run Behavior\ShowPageTraceBehavior [ RunTime:0.007986s ]
INFO: [ app_end ] --END-- [ RunTime:0.008339s ]

[ 2018-08-04T14:12:20+08:00 ] ::1 /admin/test/index
INFO: [ app_init ] --START--
INFO: Run Behavior\BuildLiteBehavior [ RunTime:0.000017s ]
INFO: [ app_init ] --END-- [ RunTime:0.000498s ]
INFO: [ app_begin ] --START--
INFO: Run Behavior\ReadHtmlCacheBehavior [ RunTime:0.000954s ]
INFO: [ app_begin ] --END-- [ RunTime:0.001067s ]
SQL: SHOW COLUMNS FROM `yz_news` [ RunTime:0.0082s ]
SQL: SHOW COLUMNS FROM `yz_news` [ RunTime:0.0078s ]
SQL: SELECT a.id,a.news_title,b.title,a.img_url,a.status,a.time,a.keyword,a.describe FROM yz_news as a INNER JOIN yz_news_type b on a.news_type_id = b.id  WHERE ( status = 1 ) ORDER BY time desc  [ RunTime:0.0102s ]
INFO: [ app_end ] --START--
INFO: Run Behavior\ShowPageTraceBehavior [ RunTime:0.002481s ]
INFO: [ app_end ] --END-- [ RunTime:0.002717s ]

[ 2018-08-04T17:44:21+08:00 ] ::1 /admin/test/index
INFO: [ app_init ] --START--
INFO: Run Behavior\BuildLiteBehavior [ RunTime:0.000017s ]
INFO: [ app_init ] --END-- [ RunTime:0.000514s ]
INFO: [ app_begin ] --START--
INFO: Run Behavior\ReadHtmlCacheBehavior [ RunTime:0.001200s ]
INFO: [ app_begin ] --END-- [ RunTime:0.001267s ]
SQL: SHOW COLUMNS FROM `yz_news` [ RunTime:0.0112s ]
SQL: SHOW COLUMNS FROM `yz_news` [ RunTime:0.0102s ]
SQL: SELECT a.id,a.news_title,b.title,a.img_url,a.status,a.time,a.keyword,a.describe,a.new_text FROM yz_news as a INNER JOIN yz_news_type b on a.news_type_id = b.id  WHERE ( status = 1 ) ORDER BY time desc LIMIT 3   [ RunTime:0.0136s ]
INFO: [ app_end ] --START--
INFO: Run Behavior\ShowPageTraceBehavior [ RunTime:0.004143s ]
INFO: [ app_end ] --END-- [ RunTime:0.004219s ]

